<?xml version="1.0" encoding="UTF-8"?>
<!-- Generated by org.testng.reporters.JUnitXMLReporter -->
<testsuite ignored="2" hostname="LAPTOP-5ECPRD78" failures="1" tests="4" name="Regression" time="0.089" errors="0" timestamp="2020-02-20T22:31:09 CET">
  <testcase classname="testpackage.day1" name="PersonalLoanweblogin" time="0.017">
    <failure type="java.lang.AssertionError" message="did not expect to find [true] but found [false]">
      <![CDATA[java.lang.AssertionError: did not expect to find [true] but found [false]
at testpackage.day1.PersonalLoanweblogin(day1.java:16)
at java.base/java.util.ArrayList.forEach(ArrayList.java:1507)
... Removed 31 stack frames]]>
    </failure>
  </testcase> <!-- PersonalLoanweblogin -->
  <testcase classname="testpackage.day2" name="PersonalLoanInterestcalculator" time="0.002"/>
  <testcase classname="testpackage.day3" name="HomeLoanmobilelogin" time="0.002"/>
  <testcase classname="testpackage.day4" name="HomeLoanInterestcalculator" time="0.002"/>
  <testcase classname="testpackage.day3" name="HomeLoanweblogin" time="0.0">
    <ignored/>
  </testcase> <!-- HomeLoanweblogin -->
  <testcase classname="testpackage.day1" name="PersonalLoanmobilelogin" time="0.0">
    <ignored/>
  </testcase> <!-- PersonalLoanmobilelogin -->
</testsuite> <!-- Regression -->
